{"nbformat":4,"nbformat_minor":0,"metadata":{"colab":{"name":"lecture12_using_tuner","provenance":[],"authorship_tag":"ABX9TyOC32owvPUhCw0VlxSs8ccE"},"kernelspec":{"name":"python3","display_name":"Python 3"},"accelerator":"GPU"},"cells":[{"cell_type":"code","metadata":{"id":"2hZl-XTJYnMH","colab_type":"code","outputId":"bd12d30c-1078-41c5-95a9-63db1a2189f7","executionInfo":{"status":"ok","timestamp":1578643817797,"user_tz":-300,"elapsed":4050,"user":{"displayName":"Dmitriy Starodubcev","photoUrl":"","userId":"18229668292079635377"}},"colab":{"base_uri":"https://localhost:8080/","height":34}},"source":["!git clone https://github.com/keras-team/keras-tuner.git"],"execution_count":1,"outputs":[{"output_type":"stream","text":["fatal: destination path 'keras-tuner' already exists and is not an empty directory.\n"],"name":"stdout"}]},{"cell_type":"code","metadata":{"id":"oxoNKMXwZ70x","colab_type":"code","colab":{"base_uri":"https://localhost:8080/","height":961},"outputId":"ee9b1a3f-4e4d-4923-ecc1-36042b75910e","executionInfo":{"status":"ok","timestamp":1578643898078,"user_tz":-300,"elapsed":65688,"user":{"displayName":"Dmitriy Starodubcev","photoUrl":"","userId":"18229668292079635377"}}},"source":["%cd keras-tuner\n","!pip install ."],"execution_count":2,"outputs":[{"output_type":"stream","text":["/content/keras-tuner\n","Processing /content/keras-tuner\n","Collecting tensorflow>=2.0.0-beta1\n","  Using cached https://files.pythonhosted.org/packages/85/d4/c0cd1057b331bc38b65478302114194bd8e1b9c2bbc06e300935c0e93d90/tensorflow-2.1.0-cp36-cp36m-manylinux2010_x86_64.whl\n","Requirement already satisfied: future in /usr/local/lib/python3.6/dist-packages (from keras-tuner==1.0.0) (0.16.0)\n","Requirement already satisfied: numpy in /usr/local/lib/python3.6/dist-packages (from keras-tuner==1.0.0) (1.17.5)\n","Requirement already satisfied: tabulate in /usr/local/lib/python3.6/dist-packages (from keras-tuner==1.0.0) (0.8.6)\n","Requirement already satisfied: terminaltables in /usr/local/lib/python3.6/dist-packages (from keras-tuner==1.0.0) (3.1.0)\n","Requirement already satisfied: colorama in /usr/local/lib/python3.6/dist-packages (from keras-tuner==1.0.0) (0.4.3)\n","Requirement already satisfied: tqdm in /usr/local/lib/python3.6/dist-packages (from keras-tuner==1.0.0) (4.28.1)\n","Requirement already satisfied: requests in /usr/local/lib/python3.6/dist-packages (from keras-tuner==1.0.0) (2.21.0)\n","Requirement already satisfied: scipy in /usr/local/lib/python3.6/dist-packages (from keras-tuner==1.0.0) (1.4.1)\n","Requirement already satisfied: scikit-learn in /usr/local/lib/python3.6/dist-packages (from keras-tuner==1.0.0) (0.22.1)\n","Requirement already satisfied: termcolor>=1.1.0 in /usr/local/lib/python3.6/dist-packages (from tensorflow>=2.0.0-beta1->keras-tuner==1.0.0) (1.1.0)\n","Requirement already satisfied: six>=1.12.0 in /usr/local/lib/python3.6/dist-packages (from tensorflow>=2.0.0-beta1->keras-tuner==1.0.0) (1.12.0)\n","Requirement already satisfied: opt-einsum>=2.3.2 in /usr/local/lib/python3.6/dist-packages (from tensorflow>=2.0.0-beta1->keras-tuner==1.0.0) (3.1.0)\n","Requirement already satisfied: tensorflow-estimator<2.2.0,>=2.1.0rc0 in /usr/local/lib/python3.6/dist-packages (from tensorflow>=2.0.0-beta1->keras-tuner==1.0.0) (2.1.0)\n","Requirement already satisfied: wrapt>=1.11.1 in /usr/local/lib/python3.6/dist-packages (from tensorflow>=2.0.0-beta1->keras-tuner==1.0.0) (1.11.2)\n","Requirement already satisfied: keras-preprocessing>=1.1.0 in /usr/local/lib/python3.6/dist-packages (from tensorflow>=2.0.0-beta1->keras-tuner==1.0.0) (1.1.0)\n","Requirement already satisfied: absl-py>=0.7.0 in /usr/local/lib/python3.6/dist-packages (from tensorflow>=2.0.0-beta1->keras-tuner==1.0.0) (0.9.0)\n","Requirement already satisfied: tensorboard<2.2.0,>=2.1.0 in /usr/local/lib/python3.6/dist-packages (from tensorflow>=2.0.0-beta1->keras-tuner==1.0.0) (2.1.0)\n","Requirement already satisfied: keras-applications>=1.0.8 in /usr/local/lib/python3.6/dist-packages (from tensorflow>=2.0.0-beta1->keras-tuner==1.0.0) (1.0.8)\n","Requirement already satisfied: wheel>=0.26; python_version >= \"3\" in /usr/local/lib/python3.6/dist-packages (from tensorflow>=2.0.0-beta1->keras-tuner==1.0.0) (0.33.6)\n","Requirement already satisfied: astor>=0.6.0 in /usr/local/lib/python3.6/dist-packages (from tensorflow>=2.0.0-beta1->keras-tuner==1.0.0) (0.8.1)\n","Requirement already satisfied: protobuf>=3.8.0 in /usr/local/lib/python3.6/dist-packages (from tensorflow>=2.0.0-beta1->keras-tuner==1.0.0) (3.10.0)\n","Requirement already satisfied: grpcio>=1.8.6 in /usr/local/lib/python3.6/dist-packages (from tensorflow>=2.0.0-beta1->keras-tuner==1.0.0) (1.15.0)\n","Requirement already satisfied: gast==0.2.2 in /usr/local/lib/python3.6/dist-packages (from tensorflow>=2.0.0-beta1->keras-tuner==1.0.0) (0.2.2)\n","Requirement already satisfied: google-pasta>=0.1.6 in /usr/local/lib/python3.6/dist-packages (from tensorflow>=2.0.0-beta1->keras-tuner==1.0.0) (0.1.8)\n","Requirement already satisfied: chardet<3.1.0,>=3.0.2 in /usr/local/lib/python3.6/dist-packages (from requests->keras-tuner==1.0.0) (3.0.4)\n","Requirement already satisfied: urllib3<1.25,>=1.21.1 in /usr/local/lib/python3.6/dist-packages (from requests->keras-tuner==1.0.0) (1.24.3)\n","Requirement already satisfied: idna<2.9,>=2.5 in /usr/local/lib/python3.6/dist-packages (from requests->keras-tuner==1.0.0) (2.8)\n","Requirement already satisfied: certifi>=2017.4.17 in /usr/local/lib/python3.6/dist-packages (from requests->keras-tuner==1.0.0) (2019.11.28)\n","Requirement already satisfied: joblib>=0.11 in /usr/local/lib/python3.6/dist-packages (from scikit-learn->keras-tuner==1.0.0) (0.14.1)\n","Requirement already satisfied: markdown>=2.6.8 in /usr/local/lib/python3.6/dist-packages (from tensorboard<2.2.0,>=2.1.0->tensorflow>=2.0.0-beta1->keras-tuner==1.0.0) (3.1.1)\n","Requirement already satisfied: google-auth<2,>=1.6.3 in /usr/local/lib/python3.6/dist-packages (from tensorboard<2.2.0,>=2.1.0->tensorflow>=2.0.0-beta1->keras-tuner==1.0.0) (1.10.0)\n","Requirement already satisfied: setuptools>=41.0.0 in /usr/local/lib/python3.6/dist-packages (from tensorboard<2.2.0,>=2.1.0->tensorflow>=2.0.0-beta1->keras-tuner==1.0.0) (42.0.2)\n","Requirement already satisfied: werkzeug>=0.11.15 in /usr/local/lib/python3.6/dist-packages (from tensorboard<2.2.0,>=2.1.0->tensorflow>=2.0.0-beta1->keras-tuner==1.0.0) (0.16.0)\n","Requirement already satisfied: google-auth-oauthlib<0.5,>=0.4.1 in /usr/local/lib/python3.6/dist-packages (from tensorboard<2.2.0,>=2.1.0->tensorflow>=2.0.0-beta1->keras-tuner==1.0.0) (0.4.1)\n","Requirement already satisfied: h5py in /usr/local/lib/python3.6/dist-packages (from keras-applications>=1.0.8->tensorflow>=2.0.0-beta1->keras-tuner==1.0.0) (2.8.0)\n","Requirement already satisfied: pyasn1-modules>=0.2.1 in /usr/local/lib/python3.6/dist-packages (from google-auth<2,>=1.6.3->tensorboard<2.2.0,>=2.1.0->tensorflow>=2.0.0-beta1->keras-tuner==1.0.0) (0.2.7)\n","Requirement already satisfied: rsa<4.1,>=3.1.4 in /usr/local/lib/python3.6/dist-packages (from google-auth<2,>=1.6.3->tensorboard<2.2.0,>=2.1.0->tensorflow>=2.0.0-beta1->keras-tuner==1.0.0) (4.0)\n","Requirement already satisfied: cachetools<5.0,>=2.0.0 in /usr/local/lib/python3.6/dist-packages (from google-auth<2,>=1.6.3->tensorboard<2.2.0,>=2.1.0->tensorflow>=2.0.0-beta1->keras-tuner==1.0.0) (4.0.0)\n","Requirement already satisfied: requests-oauthlib>=0.7.0 in /usr/local/lib/python3.6/dist-packages (from google-auth-oauthlib<0.5,>=0.4.1->tensorboard<2.2.0,>=2.1.0->tensorflow>=2.0.0-beta1->keras-tuner==1.0.0) (1.3.0)\n","Requirement already satisfied: pyasn1<0.5.0,>=0.4.6 in /usr/local/lib/python3.6/dist-packages (from pyasn1-modules>=0.2.1->google-auth<2,>=1.6.3->tensorboard<2.2.0,>=2.1.0->tensorflow>=2.0.0-beta1->keras-tuner==1.0.0) (0.4.8)\n","Requirement already satisfied: oauthlib>=3.0.0 in /usr/local/lib/python3.6/dist-packages (from requests-oauthlib>=0.7.0->google-auth-oauthlib<0.5,>=0.4.1->tensorboard<2.2.0,>=2.1.0->tensorflow>=2.0.0-beta1->keras-tuner==1.0.0) (3.1.0)\n","Building wheels for collected packages: keras-tuner\n","  Building wheel for keras-tuner (setup.py) ... \u001b[?25l\u001b[?25hdone\n","  Created wheel for keras-tuner: filename=keras_tuner-1.0.0-cp36-none-any.whl size=86620 sha256=8e7cd4bd8d459b8d42af76da9ade434da9cbf30c9c3db69b6e50669cac8c484c\n","  Stored in directory: /root/.cache/pip/wheels/fa/4e/d0/ed331a3363786e8a74848aa0589674f502cbb3f0321cdba844\n","Successfully built keras-tuner\n","Installing collected packages: tensorflow, keras-tuner\n","  Found existing installation: keras-tuner 1.0.0\n","    Uninstalling keras-tuner-1.0.0:\n","      Successfully uninstalled keras-tuner-1.0.0\n","Successfully installed keras-tuner-1.0.0 tensorflow-2.1.0\n"],"name":"stdout"}]},{"cell_type":"code","metadata":{"id":"foOcB9m_azNq","colab_type":"code","outputId":"216a0de8-7115-4ea0-f826-50f1b64e47d6","executionInfo":{"status":"ok","timestamp":1578643952827,"user_tz":-300,"elapsed":8369,"user":{"displayName":"Dmitriy Starodubcev","photoUrl":"","userId":"18229668292079635377"}},"colab":{"base_uri":"https://localhost:8080/","height":423}},"source":["!pip uninstall -y tensorflow\n","!pip install tensorflow-gpu==2.0.0rc1"],"execution_count":3,"outputs":[{"output_type":"stream","text":["Uninstalling tensorflow-2.1.0:\n","  Successfully uninstalled tensorflow-2.1.0\n","Requirement already satisfied: tensorflow-gpu==2.0.0rc1 in /usr/local/lib/python3.6/dist-packages (2.0.0rc1)\n","Requirement already satisfied: opt-einsum>=2.3.2 in /usr/local/lib/python3.6/dist-packages (from tensorflow-gpu==2.0.0rc1) (3.1.0)\n","Requirement already satisfied: keras-applications>=1.0.8 in /usr/local/lib/python3.6/dist-packages (from tensorflow-gpu==2.0.0rc1) (1.0.8)\n","Requirement already satisfied: six>=1.10.0 in /usr/local/lib/python3.6/dist-packages (from tensorflow-gpu==2.0.0rc1) (1.12.0)\n","Requirement already satisfied: wheel>=0.26 in /usr/local/lib/python3.6/dist-packages (from tensorflow-gpu==2.0.0rc1) (0.33.6)\n","Requirement already satisfied: protobuf>=3.6.1 in /usr/local/lib/python3.6/dist-packages (from tensorflow-gpu==2.0.0rc1) (3.10.0)\n","Requirement already satisfied: keras-preprocessing>=1.0.5 in /usr/local/lib/python3.6/dist-packages (from tensorflow-gpu==2.0.0rc1) (1.1.0)\n","Requirement already satisfied: absl-py>=0.7.0 in /usr/local/lib/python3.6/dist-packages (from tensorflow-gpu==2.0.0rc1) (0.9.0)\n","Requirement already satisfied: tf-estimator-nightly<1.14.0.dev2019080602,>=1.14.0.dev2019080601 in /usr/local/lib/python3.6/dist-packages (from tensorflow-gpu==2.0.0rc1) (1.14.0.dev2019080601)\n","Requirement already satisfied: termcolor>=1.1.0 in /usr/local/lib/python3.6/dist-packages (from tensorflow-gpu==2.0.0rc1) (1.1.0)\n","Requirement already satisfied: numpy<2.0,>=1.16.0 in /usr/local/lib/python3.6/dist-packages (from tensorflow-gpu==2.0.0rc1) (1.17.5)\n","Requirement already satisfied: astor>=0.6.0 in /usr/local/lib/python3.6/dist-packages (from tensorflow-gpu==2.0.0rc1) (0.8.1)\n","Requirement already satisfied: google-pasta>=0.1.6 in /usr/local/lib/python3.6/dist-packages (from tensorflow-gpu==2.0.0rc1) (0.1.8)\n","Requirement already satisfied: wrapt>=1.11.1 in /usr/local/lib/python3.6/dist-packages (from tensorflow-gpu==2.0.0rc1) (1.11.2)\n","Requirement already satisfied: grpcio>=1.8.6 in /usr/local/lib/python3.6/dist-packages (from tensorflow-gpu==2.0.0rc1) (1.15.0)\n","Requirement already satisfied: tb-nightly<1.15.0a20190807,>=1.15.0a20190806 in /usr/local/lib/python3.6/dist-packages (from tensorflow-gpu==2.0.0rc1) (1.15.0a20190806)\n","Requirement already satisfied: gast>=0.2.0 in /usr/local/lib/python3.6/dist-packages (from tensorflow-gpu==2.0.0rc1) (0.2.2)\n","Requirement already satisfied: h5py in /usr/local/lib/python3.6/dist-packages (from keras-applications>=1.0.8->tensorflow-gpu==2.0.0rc1) (2.8.0)\n","Requirement already satisfied: setuptools in /usr/local/lib/python3.6/dist-packages (from protobuf>=3.6.1->tensorflow-gpu==2.0.0rc1) (42.0.2)\n","Requirement already satisfied: werkzeug>=0.11.15 in /usr/local/lib/python3.6/dist-packages (from tb-nightly<1.15.0a20190807,>=1.15.0a20190806->tensorflow-gpu==2.0.0rc1) (0.16.0)\n","Requirement already satisfied: markdown>=2.6.8 in /usr/local/lib/python3.6/dist-packages (from tb-nightly<1.15.0a20190807,>=1.15.0a20190806->tensorflow-gpu==2.0.0rc1) (3.1.1)\n"],"name":"stdout"}]},{"cell_type":"code","metadata":{"id":"2Gg3i9lwdGvs","colab_type":"code","outputId":"0ad9eb3e-802b-428a-bf90-dfca3ab85edc","executionInfo":{"status":"error","timestamp":1578643959183,"user_tz":-300,"elapsed":1076,"user":{"displayName":"Dmitriy Starodubcev","photoUrl":"","userId":"18229668292079635377"}},"colab":{"base_uri":"https://localhost:8080/","height":505}},"source":["from tensorflow.keras.datasets import fashion_mnist\n","from tensorflow.keras.models import Sequential\n","from tesorflow.keras.layers import Dense\n","from tensorflow.keras import utils\n","from tensorflow.keras.preprocessing import image\n","from google.colab import files\n","from kerastuner import RandomSearch, Hyperband, BayesianOprimization\n","import numpy as np\n","import matplotlib.pyplot as plt\n","from PIL import Image\n","%matplotlib inline"],"execution_count":4,"outputs":[{"output_type":"error","ename":"ImportError","evalue":"ignored","traceback":["\u001b[0;31m---------------------------------------------------------------------------\u001b[0m","\u001b[0;31mAttributeError\u001b[0m                            Traceback (most recent call last)","\u001b[0;32m/usr/lib/python3.6/importlib/_bootstrap.py\u001b[0m in \u001b[0;36m_find_spec\u001b[0;34m(name, path, target)\u001b[0m\n","\u001b[0;31mAttributeError\u001b[0m: '_TensorflowImportHook' object has no attribute 'find_spec'","\nDuring handling of the above exception, another exception occurred:\n","\u001b[0;31mImportError\u001b[0m                               Traceback (most recent call last)","\u001b[0;32m<ipython-input-4-85fd88cd295a>\u001b[0m in \u001b[0;36m<module>\u001b[0;34m()\u001b[0m\n\u001b[0;32m----> 1\u001b[0;31m \u001b[0;32mfrom\u001b[0m \u001b[0mtensorflow\u001b[0m\u001b[0;34m.\u001b[0m\u001b[0mkeras\u001b[0m\u001b[0;34m.\u001b[0m\u001b[0mdatasets\u001b[0m \u001b[0;32mimport\u001b[0m \u001b[0mfashion_mnist\u001b[0m\u001b[0;34m\u001b[0m\u001b[0;34m\u001b[0m\u001b[0m\n\u001b[0m\u001b[1;32m      2\u001b[0m \u001b[0;32mfrom\u001b[0m \u001b[0mtensorflow\u001b[0m\u001b[0;34m.\u001b[0m\u001b[0mkeras\u001b[0m\u001b[0;34m.\u001b[0m\u001b[0mmodels\u001b[0m \u001b[0;32mimport\u001b[0m \u001b[0mSequential\u001b[0m\u001b[0;34m\u001b[0m\u001b[0;34m\u001b[0m\u001b[0m\n\u001b[1;32m      3\u001b[0m \u001b[0;32mfrom\u001b[0m \u001b[0mtesorflow\u001b[0m\u001b[0;34m.\u001b[0m\u001b[0mkeras\u001b[0m\u001b[0;34m.\u001b[0m\u001b[0mlayers\u001b[0m \u001b[0;32mimport\u001b[0m \u001b[0mDense\u001b[0m\u001b[0;34m\u001b[0m\u001b[0;34m\u001b[0m\u001b[0m\n\u001b[1;32m      4\u001b[0m \u001b[0;32mfrom\u001b[0m \u001b[0mtensorflow\u001b[0m\u001b[0;34m.\u001b[0m\u001b[0mkeras\u001b[0m \u001b[0;32mimport\u001b[0m \u001b[0mutils\u001b[0m\u001b[0;34m\u001b[0m\u001b[0;34m\u001b[0m\u001b[0m\n\u001b[1;32m      5\u001b[0m \u001b[0;32mfrom\u001b[0m \u001b[0mtensorflow\u001b[0m\u001b[0;34m.\u001b[0m\u001b[0mkeras\u001b[0m\u001b[0;34m.\u001b[0m\u001b[0mpreprocessing\u001b[0m \u001b[0;32mimport\u001b[0m \u001b[0mimage\u001b[0m\u001b[0;34m\u001b[0m\u001b[0;34m\u001b[0m\u001b[0m\n","\u001b[0;32m/usr/local/lib/python3.6/dist-packages/google/colab/_import_hooks/_tensorflow.py\u001b[0m in \u001b[0;36mfind_module\u001b[0;34m(self, fullname, path)\u001b[0m\n\u001b[1;32m     27\u001b[0m     \u001b[0;32mif\u001b[0m \u001b[0mfullname\u001b[0m \u001b[0;34m!=\u001b[0m \u001b[0;34m'tensorflow'\u001b[0m\u001b[0;34m:\u001b[0m\u001b[0;34m\u001b[0m\u001b[0;34m\u001b[0m\u001b[0m\n\u001b[1;32m     28\u001b[0m       \u001b[0;32mreturn\u001b[0m \u001b[0;32mNone\u001b[0m\u001b[0;34m\u001b[0m\u001b[0;34m\u001b[0m\u001b[0m\n\u001b[0;32m---> 29\u001b[0;31m     \u001b[0mself\u001b[0m\u001b[0;34m.\u001b[0m\u001b[0mmodule_info\u001b[0m \u001b[0;34m=\u001b[0m \u001b[0mimp\u001b[0m\u001b[0;34m.\u001b[0m\u001b[0mfind_module\u001b[0m\u001b[0;34m(\u001b[0m\u001b[0mfullname\u001b[0m\u001b[0;34m.\u001b[0m\u001b[0msplit\u001b[0m\u001b[0;34m(\u001b[0m\u001b[0;34m'.'\u001b[0m\u001b[0;34m)\u001b[0m\u001b[0;34m[\u001b[0m\u001b[0;34m-\u001b[0m\u001b[0;36m1\u001b[0m\u001b[0;34m]\u001b[0m\u001b[0;34m,\u001b[0m \u001b[0mpath\u001b[0m\u001b[0;34m)\u001b[0m\u001b[0;34m\u001b[0m\u001b[0;34m\u001b[0m\u001b[0m\n\u001b[0m\u001b[1;32m     30\u001b[0m     \u001b[0;32mreturn\u001b[0m \u001b[0mself\u001b[0m\u001b[0;34m\u001b[0m\u001b[0;34m\u001b[0m\u001b[0m\n\u001b[1;32m     31\u001b[0m \u001b[0;34m\u001b[0m\u001b[0m\n","\u001b[0;32m/usr/lib/python3.6/imp.py\u001b[0m in \u001b[0;36mfind_module\u001b[0;34m(name, path)\u001b[0m\n\u001b[1;32m    295\u001b[0m         \u001b[0;32mbreak\u001b[0m  \u001b[0;31m# Break out of outer loop when breaking out of inner loop.\u001b[0m\u001b[0;34m\u001b[0m\u001b[0;34m\u001b[0m\u001b[0m\n\u001b[1;32m    296\u001b[0m     \u001b[0;32melse\u001b[0m\u001b[0;34m:\u001b[0m\u001b[0;34m\u001b[0m\u001b[0;34m\u001b[0m\u001b[0m\n\u001b[0;32m--> 297\u001b[0;31m         \u001b[0;32mraise\u001b[0m \u001b[0mImportError\u001b[0m\u001b[0;34m(\u001b[0m\u001b[0m_ERR_MSG\u001b[0m\u001b[0;34m.\u001b[0m\u001b[0mformat\u001b[0m\u001b[0;34m(\u001b[0m\u001b[0mname\u001b[0m\u001b[0;34m)\u001b[0m\u001b[0;34m,\u001b[0m \u001b[0mname\u001b[0m\u001b[0;34m=\u001b[0m\u001b[0mname\u001b[0m\u001b[0;34m)\u001b[0m\u001b[0;34m\u001b[0m\u001b[0;34m\u001b[0m\u001b[0m\n\u001b[0m\u001b[1;32m    298\u001b[0m \u001b[0;34m\u001b[0m\u001b[0m\n\u001b[1;32m    299\u001b[0m     \u001b[0mencoding\u001b[0m \u001b[0;34m=\u001b[0m \u001b[0;32mNone\u001b[0m\u001b[0;34m\u001b[0m\u001b[0;34m\u001b[0m\u001b[0m\n","\u001b[0;31mImportError\u001b[0m: No module named 'tensorflow'","","\u001b[0;31m---------------------------------------------------------------------------\u001b[0;32m\nNOTE: If your import is failing due to a missing package, you can\nmanually install dependencies using either !pip or !apt.\n\nTo view examples of installing some common dependencies, click the\n\"Open Examples\" button below.\n\u001b[0;31m---------------------------------------------------------------------------\u001b[0m\n"]}]}]}